<?xml version="1.0" encoding="UTF-8"?>
<!-- Generated by org.testng.reporters.JUnitReportReporter -->
<testsuite hostname="Abhishek" failures="0" tests="2" name="testcases.RegisterTestcases" time="12.450" errors="0" timestamp="2024-03-30T12:11:48 IST" skipped="0">
  <testcase classname="testcases.RegisterTestcases" name="verifyRegistrationwithValidData" time="6.602"/>
  <system-out/>
  <testcase classname="testcases.RegisterTestcases" name="verifyRegistrationwithBlankData" time="5.848"/>
  <system-out/>
</testsuite> <!-- testcases.RegisterTestcases -->
