<?xml version="1.0" encoding="UTF-8"?>
<!-- Generated by org.testng.reporters.JUnitReportReporter -->
<testsuite hostname="Abhishek" failures="0" tests="1" name="testcases.LoginPageObject" time="4.720" errors="0" timestamp="2024-03-30T12:11:47 IST" skipped="0">
  <testcase classname="testcases.LoginPageObject" name="invalidLoginTest" time="4.720"/>
  <system-out/>
</testsuite> <!-- testcases.LoginPageObject -->
